<?xml version="1.0" encoding="UTF-8"?>
<!-- Generated by org.testng.reporters.JUnitReportReporter -->
<testsuite hostname="8C12ADCBD38A74E" name="com.baidu.gameqa.unittest.FileDirUnitTest" tests="2" failures="0" timestamp="9 Jan 2014 09:43:28 GMT" time="0.041" errors="0">
  <testcase name="f" time="0.001" classname="com.baidu.gameqa.unittest.FileDirUnitTest"/>
  <testcase name="creatTesgngFile" time="0.040" classname="com.baidu.gameqa.unittest.FileDirUnitTest"/>
</testsuite> <!-- com.baidu.gameqa.unittest.FileDirUnitTest -->
